Jun 29, 2011 7:10:04 AM org.atgas.sync.media.beyondtv.Main loadConfiguration
CONFIG: Loading configuration from C:\Users\Public\Synced\Synced Documents\atgas-sync-media\beyondTV\transfer.properties
Jun 29, 2011 7:10:38 AM org.hibernate.validator.util.Version <clinit>
INFO: Hibernate Validator 4.1.0.Final
Jun 29, 2011 7:10:38 AM org.hibernate.validator.engine.resolver.DefaultTraversableResolver detectJPA
INFO: Instantiated an instance of org.hibernate.validator.engine.resolver.JPATraversableResolver.
Jun 29, 2011 7:10:53 AM org.atgas.sync.media.beyondtv.commands.BoxeeImport invoke
INFO: BTV Series "30 Rock" is fully transfered
Jun 29, 2011 7:10:54 AM org.atgas.sync.media.beyondtv.commands.BoxeeImport invoke
INFO: BTV Series "30 Rock" will transfer 0 episodes.
Jun 29, 2011 7:10:58 AM org.atgas.sync.media.beyondtv.commands.BoxeeImport invoke
INFO: BTV Series "Accidentally on Purpose" is fully transfered
Jun 29, 2011 7:10:58 AM org.atgas.sync.media.beyondtv.commands.BoxeeImport invoke
INFO: BTV Series "Accidentally on Purpose" will transfer 0 episodes.
Jun 29, 2011 7:11:04 AM org.atgas.sync.media.beyondtv.commands.BoxeeImport invoke
INFO: BTV Series "American Dad" is fully transfered
Jun 29, 2011 7:11:06 AM org.atgas.sync.media.beyondtv.commands.BoxeeImport invoke
INFO: BTV Series "American Dad" will transfer 0 episodes.
Jun 29, 2011 7:11:08 AM org.atgas.sync.media.beyondtv.commands.BoxeeImport invoke
INFO: BTV Series "Better With You" is fully transfered
Jun 29, 2011 7:11:08 AM org.atgas.sync.media.beyondtv.commands.BoxeeImport invoke
INFO: BTV Series "Better With You" will transfer 0 episodes.
Jun 29, 2011 7:11:10 AM org.atgas.sync.media.beyondtv.commands.BoxeeImport invoke
INFO: BTV Series "Blue Bloods" is fully transfered
Jun 29, 2011 7:11:13 AM org.atgas.sync.media.beyondtv.commands.BoxeeImport invoke
INFO: BTV Series "Blue Bloods" will transfer 0 episodes.
Jun 29, 2011 7:11:15 AM org.atgas.sync.media.beyondtv.commands.BoxeeImport invoke
INFO: BTV Series "Bob's Burgers" is fully transfered
Jun 29, 2011 7:11:15 AM org.atgas.sync.media.beyondtv.commands.BoxeeImport invoke
INFO: BTV Series "Bob's Burgers" will transfer 0 episodes.
Jun 29, 2011 7:11:20 AM org.atgas.sync.media.beyondtv.commands.BoxeeImport invoke
INFO: BTV Series "Bones" is fully transfered
Jun 29, 2011 7:11:20 AM org.atgas.sync.media.beyondtv.commands.BoxeeImport invoke
INFO: BTV Series "Bones" will transfer 0 episodes.
Jun 29, 2011 7:11:23 AM org.atgas.sync.media.beyondtv.commands.BoxeeImport invoke
INFO: BTV Series "Brothers & Sisters" is fully transfered
Jun 29, 2011 7:11:24 AM org.atgas.sync.media.beyondtv.commands.BoxeeImport invoke
INFO: BTV Series "Brothers & Sisters" will transfer 0 episodes.
Jun 29, 2011 7:11:27 AM org.atgas.sync.media.beyondtv.commands.BoxeeImport invoke
INFO: BTV Series "Castle" is fully transfered
Jun 29, 2011 7:11:28 AM org.atgas.sync.media.beyondtv.commands.BoxeeImport invoke
INFO: BTV Series "Castle" will transfer 0 episodes.
Jun 29, 2011 7:11:29 AM org.atgas.sync.media.beyondtv.commands.BoxeeImport invoke
INFO: BTV Series "Chase" is fully transfered
Jun 29, 2011 7:11:30 AM org.atgas.sync.media.beyondtv.commands.BoxeeImport invoke
INFO: BTV Series "Chase" will transfer 0 episodes.
Jun 29, 2011 7:11:32 AM org.atgas.sync.media.beyondtv.commands.BoxeeImport invoke
INFO: BTV Series "Chuck" is fully transfered
Jun 29, 2011 7:11:32 AM org.atgas.sync.media.beyondtv.commands.BoxeeImport invoke
INFO: BTV Series "Chuck" will transfer 0 episodes.
Jun 29, 2011 7:11:34 AM org.atgas.sync.media.beyondtv.commands.BoxeeImport invoke
INFO: BTV Series "Cold Case" is fully transfered
Jun 29, 2011 7:11:35 AM org.atgas.sync.media.beyondtv.commands.BoxeeImport invoke
INFO: BTV Series "Cold Case" will transfer 0 episodes.
Jun 29, 2011 7:11:36 AM org.atgas.sync.media.beyondtv.commands.BoxeeImport invoke
INFO: Beginning transfer of episodes from BTV Series "College Basketball"
Jun 29, 2011 7:11:37 AM org.atgas.sync.media.beyondtv.commands.BoxeeImport determineSeriesFromTVDB
WARNING: Could not match any episodes for College Basketball
Jun 29, 2011 7:11:39 AM org.atgas.sync.media.beyondtv.commands.BoxeeImport invoke
INFO: BTV Series "Community" is fully transfered
Jun 29, 2011 7:11:39 AM org.atgas.sync.media.beyondtv.commands.BoxeeImport invoke
INFO: BTV Series "Community" will transfer 0 episodes.
Jun 29, 2011 7:11:42 AM org.atgas.sync.media.beyondtv.commands.BoxeeImport invoke
INFO: BTV Series "Cougar Town" is fully transfered
Jun 29, 2011 7:11:42 AM org.atgas.sync.media.beyondtv.commands.BoxeeImport invoke
INFO: BTV Series "Cougar Town" will transfer 0 episodes.
Jun 29, 2011 7:11:46 AM org.atgas.sync.media.beyondtv.commands.BoxeeImport invoke
INFO: BTV Series "Criminal Minds" is fully transfered
Jun 29, 2011 7:11:46 AM org.atgas.sync.media.beyondtv.commands.BoxeeImport invoke
INFO: BTV Series "Criminal Minds" will transfer 0 episodes.
Jun 29, 2011 7:11:48 AM org.atgas.sync.media.beyondtv.commands.BoxeeImport invoke
INFO: BTV Series "CSI: Crime Scene Investigation" is fully transfered
Jun 29, 2011 7:11:48 AM org.atgas.sync.media.beyondtv.commands.BoxeeImport invoke
INFO: BTV Series "CSI: Crime Scene Investigation" will transfer 0 episodes.
Jun 29, 2011 7:11:51 AM org.atgas.sync.media.beyondtv.commands.BoxeeImport invoke
INFO: BTV Series "CSI: NY" is fully transfered
Jun 29, 2011 7:11:51 AM org.atgas.sync.media.beyondtv.commands.BoxeeImport invoke
INFO: BTV Series "CSI: NY" will transfer 0 episodes.
Jun 29, 2011 7:11:55 AM org.atgas.sync.media.beyondtv.commands.BoxeeImport invoke
INFO: BTV Series "Desperate Housewives" is fully transfered
Jun 29, 2011 7:11:56 AM org.atgas.sync.media.beyondtv.commands.BoxeeImport invoke
INFO: BTV Series "Desperate Housewives" will transfer 0 episodes.
Jun 29, 2011 7:11:58 AM org.atgas.sync.media.beyondtv.commands.BoxeeImport invoke
INFO: BTV Series "Detroit 1-8-7" is fully transfered
Jun 29, 2011 7:11:58 AM org.atgas.sync.media.beyondtv.commands.BoxeeImport invoke
INFO: BTV Series "Detroit 1-8-7" will transfer 0 episodes.
Jun 29, 2011 7:12:00 AM org.atgas.sync.media.beyondtv.commands.BoxeeImport invoke
INFO: BTV Series "Dirty Sexy Money" is fully transfered
Jun 29, 2011 7:12:01 AM org.atgas.sync.media.beyondtv.commands.BoxeeImport invoke
INFO: BTV Series "Dirty Sexy Money" will transfer 0 episodes.
Jun 29, 2011 7:12:03 AM org.atgas.sync.media.beyondtv.commands.BoxeeImport invoke
INFO: BTV Series "ER" is fully transfered
Jun 29, 2011 7:12:04 AM org.atgas.sync.media.beyondtv.commands.BoxeeImport invoke
INFO: BTV Series "ER" will transfer 0 episodes.
Jun 29, 2011 7:12:06 AM org.atgas.sync.media.beyondtv.commands.BoxeeImport invoke
INFO: BTV Series "Everybody Loves Raymond" is fully transfered
Jun 29, 2011 7:12:07 AM org.atgas.sync.media.beyondtv.commands.BoxeeImport invoke
INFO: BTV Series "Everybody Loves Raymond" will transfer 0 episodes.
Jun 29, 2011 7:12:12 AM org.atgas.sync.media.beyondtv.commands.BoxeeImport invoke
INFO: BTV Series "Family Guy" is fully transfered
Jun 29, 2011 7:12:13 AM org.atgas.sync.media.beyondtv.commands.BoxeeImport invoke
INFO: BTV Series "Family Guy" will transfer 0 episodes.
Jun 29, 2011 7:12:14 AM org.atgas.sync.media.beyondtv.commands.BoxeeImport invoke
INFO: Beginning transfer of episodes from BTV Series "FlashForward"
Jun 29, 2011 7:12:15 AM org.atgas.sync.media.beyondtv.commands.BoxeeImport determineSeriesFromTVDB
WARNING: Could not match any episodes for FlashForward
Jun 29, 2011 7:12:16 AM org.atgas.sync.media.beyondtv.commands.BoxeeImport invoke
INFO: BTV Series "Flashpoint" is fully transfered
Jun 29, 2011 7:12:16 AM org.atgas.sync.media.beyondtv.commands.BoxeeImport invoke
INFO: BTV Series "Flashpoint" will transfer 0 episodes.
Jun 29, 2011 7:12:18 AM org.atgas.sync.media.beyondtv.commands.BoxeeImport invoke
INFO: BTV Series "Friday Night Lights" is fully transfered
Jun 29, 2011 7:12:19 AM org.atgas.sync.media.beyondtv.commands.BoxeeImport invoke
INFO: BTV Series "Friday Night Lights" will transfer 0 episodes.
Jun 29, 2011 7:12:24 AM org.atgas.sync.media.beyondtv.commands.BoxeeImport invoke
INFO: BTV Series "Friends" is fully transfered
Jun 29, 2011 7:12:25 AM org.atgas.sync.media.beyondtv.commands.BoxeeImport invoke
INFO: BTV Series "Friends" will transfer 0 episodes.
Jun 29, 2011 7:12:27 AM org.atgas.sync.media.beyondtv.commands.BoxeeImport invoke
INFO: BTV Series "Fringe" is fully transfered
Jun 29, 2011 7:12:27 AM org.atgas.sync.media.beyondtv.commands.BoxeeImport invoke
INFO: BTV Series "Fringe" will transfer 0 episodes.
Jun 29, 2011 7:12:29 AM org.atgas.sync.media.beyondtv.commands.BoxeeImport invoke
INFO: BTV Series "Glee" is fully transfered
Jun 29, 2011 7:12:29 AM org.atgas.sync.media.beyondtv.commands.BoxeeImport invoke
INFO: BTV Series "Glee" will transfer 0 episodes.
Jun 29, 2011 7:12:33 AM org.atgas.sync.media.beyondtv.commands.BoxeeImport invoke
INFO: BTV Series "Grey's Anatomy" is fully transfered
Jun 29, 2011 7:12:36 AM org.atgas.sync.media.beyondtv.commands.BoxeeImport invoke
INFO: BTV Series "Grey's Anatomy" will transfer 0 episodes.
Jun 29, 2011 7:12:37 AM org.atgas.sync.media.beyondtv.commands.BoxeeImport invoke
INFO: BTV Series "Harry's Law" is fully transfered
Jun 29, 2011 7:12:38 AM org.atgas.sync.media.beyondtv.commands.BoxeeImport invoke
INFO: BTV Series "Harry's Law" will transfer 0 episodes.
Jun 29, 2011 7:12:40 AM org.atgas.sync.media.beyondtv.commands.BoxeeImport invoke
INFO: Beginning transfer of episodes from BTV Series "Hawaii Five-0"
Jun 29, 2011 7:12:41 AM org.atgas.sync.media.beyondtv.commands.BoxeeImport invoke
INFO: BTV Series "Hawaii Five-0" will transfer 1 episodes.
Jun 29, 2011 7:12:41 AM org.atgas.sync.media.beyondtv.commands.BoxeeImport determineEpisodeFromTVDBWithKnownSeries
WARNING: Unable to match beyondTV episode to TVDB episode: SH0020140000	
Jun 29, 2011 7:12:42 AM org.atgas.sync.media.beyondtv.commands.BoxeeImport invoke
INFO: BTV Series "Heroes" is fully transfered
Jun 29, 2011 7:12:42 AM org.atgas.sync.media.beyondtv.commands.BoxeeImport invoke
INFO: BTV Series "Heroes" will transfer 0 episodes.
Jun 29, 2011 7:12:46 AM org.atgas.sync.media.beyondtv.commands.BoxeeImport invoke
INFO: BTV Series "House" is fully transfered
Jun 29, 2011 7:12:47 AM org.atgas.sync.media.beyondtv.commands.BoxeeImport invoke
INFO: BTV Series "House" will transfer 0 episodes.
Jun 29, 2011 7:12:52 AM org.atgas.sync.media.beyondtv.commands.BoxeeImport invoke
INFO: BTV Series "How I Met Your Mother" is fully transfered
Jun 29, 2011 7:12:54 AM org.atgas.sync.media.beyondtv.commands.BoxeeImport invoke
INFO: BTV Series "How I Met Your Mother" will transfer 0 episodes.
Jun 29, 2011 7:12:55 AM org.atgas.sync.media.beyondtv.commands.BoxeeImport invoke
INFO: Beginning transfer of episodes from BTV Series "Human Target"
Jun 29, 2011 7:12:58 AM org.atgas.sync.media.beyondtv.commands.BoxeeImport determineSeriesFromTVDB
WARNING: Could not match any episodes for Human Target
Jun 29, 2011 7:13:00 AM org.atgas.sync.media.beyondtv.commands.BoxeeImport invoke
INFO: BTV Series "Kath & Kim" is fully transfered
Jun 29, 2011 7:13:00 AM org.atgas.sync.media.beyondtv.commands.BoxeeImport invoke
INFO: BTV Series "Kath & Kim" will transfer 0 episodes.
Jun 29, 2011 7:13:06 AM org.atgas.sync.media.beyondtv.commands.BoxeeImport invoke
INFO: BTV Series "King of the Hill" is fully transfered
Jun 29, 2011 7:13:07 AM org.atgas.sync.media.beyondtv.commands.BoxeeImport invoke
INFO: BTV Series "King of the Hill" will transfer 0 episodes.
Jun 29, 2011 7:13:08 AM org.atgas.sync.media.beyondtv.commands.BoxeeImport invoke
INFO: BTV Series "Law & Order" is fully transfered
Jun 29, 2011 7:13:09 AM org.atgas.sync.media.beyondtv.commands.BoxeeImport invoke
INFO: BTV Series "Law & Order" will transfer 0 episodes.
Jun 29, 2011 7:13:14 AM org.atgas.sync.media.beyondtv.commands.BoxeeImport invoke
INFO: BTV Series "Law & Order: Criminal Intent" is fully transfered
Jun 29, 2011 7:13:16 AM org.atgas.sync.media.beyondtv.commands.BoxeeImport invoke
INFO: BTV Series "Law & Order: Criminal Intent" will transfer 0 episodes.
Jun 29, 2011 7:13:17 AM org.atgas.sync.media.beyondtv.commands.BoxeeImport invoke
INFO: BTV Series "Law & Order: LA" is fully transfered
Jun 29, 2011 7:13:18 AM org.atgas.sync.media.beyondtv.commands.BoxeeImport invoke
INFO: BTV Series "Law & Order: LA" will transfer 0 episodes.
Jun 29, 2011 7:13:19 AM org.atgas.sync.media.beyondtv.commands.BoxeeImport invoke
INFO: BTV Series "Law & Order: Los Angeles" is fully transfered
Jun 29, 2011 7:13:19 AM org.atgas.sync.media.beyondtv.commands.BoxeeImport invoke
INFO: BTV Series "Law & Order: Los Angeles" will transfer 0 episodes.
Jun 29, 2011 7:13:23 AM org.atgas.sync.media.beyondtv.commands.BoxeeImport invoke
INFO: BTV Series "Law & Order: Special Victims Unit" is fully transfered
Jun 29, 2011 7:13:24 AM org.atgas.sync.media.beyondtv.commands.BoxeeImport invoke
INFO: BTV Series "Law & Order: Special Victims Unit" will transfer 0 episodes.
Jun 29, 2011 7:13:26 AM org.atgas.sync.media.beyondtv.commands.BoxeeImport invoke
INFO: BTV Series "Lie to Me" is fully transfered
Jun 29, 2011 7:13:27 AM org.atgas.sync.media.beyondtv.commands.BoxeeImport invoke
INFO: BTV Series "Lie to Me" will transfer 0 episodes.
Jun 29, 2011 7:13:28 AM org.atgas.sync.media.beyondtv.commands.BoxeeImport invoke
INFO: BTV Series "Life" is fully transfered
Jun 29, 2011 7:13:31 AM org.atgas.sync.media.beyondtv.commands.BoxeeImport invoke
INFO: BTV Series "Life" will transfer 0 episodes.
Jun 29, 2011 7:13:33 AM org.atgas.sync.media.beyondtv.commands.BoxeeImport invoke
INFO: BTV Series "Malcolm in the Middle" is fully transfered
Jun 29, 2011 7:13:33 AM org.atgas.sync.media.beyondtv.commands.BoxeeImport invoke
INFO: BTV Series "Malcolm in the Middle" will transfer 0 episodes.
Jun 29, 2011 7:13:35 AM org.atgas.sync.media.beyondtv.commands.BoxeeImport invoke
INFO: BTV Series "Mercy" is fully transfered
Jun 29, 2011 7:13:35 AM org.atgas.sync.media.beyondtv.commands.BoxeeImport invoke
INFO: BTV Series "Mercy" will transfer 0 episodes.
Jun 29, 2011 7:13:38 AM org.atgas.sync.media.beyondtv.commands.BoxeeImport invoke
INFO: BTV Series "Mike & Molly" is fully transfered
Jun 29, 2011 7:13:38 AM org.atgas.sync.media.beyondtv.commands.BoxeeImport invoke
INFO: BTV Series "Mike & Molly" will transfer 0 episodes.
Jun 29, 2011 7:13:41 AM org.atgas.sync.media.beyondtv.commands.BoxeeImport invoke
INFO: BTV Series "Modern Family" is fully transfered
Jun 29, 2011 7:13:42 AM org.atgas.sync.media.beyondtv.commands.BoxeeImport invoke
INFO: BTV Series "Modern Family" will transfer 0 episodes.
Jun 29, 2011 7:13:44 AM org.atgas.sync.media.beyondtv.commands.BoxeeImport invoke
INFO: BTV Series "My Name Is Earl" is fully transfered
Jun 29, 2011 7:13:46 AM org.atgas.sync.media.beyondtv.commands.BoxeeImport invoke
INFO: BTV Series "My Name Is Earl" will transfer 0 episodes.
Jun 29, 2011 7:13:47 AM org.atgas.sync.media.beyondtv.commands.BoxeeImport invoke
INFO: BTV Series "NCIS" is fully transfered
Jun 29, 2011 7:13:47 AM org.atgas.sync.media.beyondtv.commands.BoxeeImport invoke
INFO: BTV Series "NCIS" will transfer 0 episodes.
Jun 29, 2011 7:13:49 AM org.atgas.sync.media.beyondtv.commands.BoxeeImport invoke
INFO: Beginning transfer of episodes from BTV Series "NCIS: Los Angeles"
Jun 29, 2011 7:13:50 AM org.atgas.sync.media.beyondtv.commands.BoxeeImport determineSeriesFromTVDB
WARNING: Multiple tvdb series match the episodes for beyondTV series NCIS: Los Angeles
Jun 29, 2011 7:13:50 AM org.atgas.sync.media.beyondtv.commands.BoxeeImport determineSeriesFromTVDB
WARNING: 	95441	NCIS: Los Angeles	Tue Sep 22 00:00:00 MDT 2009	6
Jun 29, 2011 7:13:50 AM org.atgas.sync.media.beyondtv.commands.BoxeeImport determineSeriesFromTVDB
WARNING: 	72108	NCIS	Tue Sep 23 00:00:00 MDT 2003	1
Jun 29, 2011 7:13:50 AM org.atgas.sync.media.beyondtv.commands.BoxeeImport determineSeriesFromTVDB
WARNING: Using 	NCIS: Los Angeles
Jun 29, 2011 7:13:50 AM org.atgas.sync.media.beyondtv.commands.BoxeeImport invoke
INFO: BTV Series "NCIS: Los Angeles" will transfer 8 episodes.
Jun 29, 2011 7:13:51 AM org.atgas.sync.media.beyondtv.commands.BoxeeImport storeBoxeeEpisodes
FINE: Storing "smb:\\belegost\video\Recorded\BeyondTV\NCIS_ Los Angeles-(Borderline)-2010-09-28-0.mp4" in dataabse
Jun 29, 2011 7:13:52 AM org.atgas.sync.media.beyondtv.commands.BoxeeImport storeBoxeeEpisodes
FINE: Storing "smb:\\belegost\video\Recorded\BeyondTV\NCIS_ Los Angeles-(Brimstone)-2010-12-21-0.mp4" in dataabse
Jun 29, 2011 7:13:53 AM org.atgas.sync.media.beyondtv.commands.BoxeeImport storeBoxeeEpisodes
FINE: Storing "smb:\\belegost\video\Recorded\BeyondTV\NCIS_ Los Angeles-(Standoff)-2010-10-19-0.mp4" in dataabse
Jun 29, 2011 7:13:54 AM org.atgas.sync.media.beyondtv.commands.BoxeeImport storeBoxeeEpisodes
FINE: Storing "smb:\\belegost\video\Recorded\BeyondTV\NCIS_ Los Angeles-(Breach)-2010-11-20-0.mp4" in dataabse
Jun 29, 2011 7:13:55 AM org.atgas.sync.media.beyondtv.commands.BoxeeImport storeBoxeeEpisodes
FINE: Storing "smb:\\belegost\video\Recorded\BeyondTV\NCIS_ Los Angeles-(Human Traffic)-2010-09-21-0.mp4" in dataabse
Jun 29, 2011 7:13:55 AM org.atgas.sync.media.beyondtv.commands.BoxeeImport storeBoxeeEpisodes
FINE: Storing "smb:\\belegost\video\Recorded\BeyondTV\NCIS_ Los Angeles-(Bounty)-2010-11-09-0.mp4" in dataabse
Jun 29, 2011 7:13:56 AM org.atgas.sync.media.beyondtv.commands.BoxeeImport storeBoxeeEpisodes
FINE: Storing "smb:\\belegost\video\Recorded\BeyondTV\NCIS_ Los Angeles (1_2)-(Absolution)-2010-11-16-0.mp4" in dataabse
Jun 29, 2011 7:13:56 AM org.atgas.sync.media.beyondtv.commands.BoxeeImport storeBoxeeEpisodes
FINE: Storing "smb:\\belegost\video\Recorded\BeyondTV\NCIS_ Los Angeles (2_2)-(Deliverance)-2010-11-23-0.mp4" in dataabse
Jun 29, 2011 7:13:58 AM org.atgas.sync.media.beyondtv.commands.BoxeeImport invoke
INFO: BTV Series "No Ordinary Family" is fully transfered
Jun 29, 2011 7:14:00 AM org.atgas.sync.media.beyondtv.commands.BoxeeImport invoke
INFO: BTV Series "No Ordinary Family" will transfer 0 episodes.
Jun 29, 2011 7:14:02 AM org.atgas.sync.media.beyondtv.commands.BoxeeImport invoke
INFO: BTV Series "NUMB3RS" is fully transfered
Jun 29, 2011 7:14:02 AM org.atgas.sync.media.beyondtv.commands.BoxeeImport invoke
INFO: BTV Series "NUMB3RS" will transfer 0 episodes.
Jun 29, 2011 7:14:04 AM org.atgas.sync.media.beyondtv.commands.BoxeeImport invoke
INFO: BTV Series "Parenthood" is fully transfered
Jun 29, 2011 7:14:04 AM org.atgas.sync.media.beyondtv.commands.BoxeeImport invoke
INFO: BTV Series "Parenthood" will transfer 0 episodes.
Jun 29, 2011 7:14:06 AM org.atgas.sync.media.beyondtv.commands.BoxeeImport invoke
INFO: BTV Series "Parks and Recreation" is fully transfered
Jun 29, 2011 7:14:06 AM org.atgas.sync.media.beyondtv.commands.BoxeeImport invoke
INFO: BTV Series "Parks and Recreation" will transfer 0 episodes.
Jun 29, 2011 7:14:07 AM org.atgas.sync.media.beyondtv.commands.BoxeeImport invoke
INFO: BTV Series "Perfect Couples" is fully transfered
Jun 29, 2011 7:14:08 AM org.atgas.sync.media.beyondtv.commands.BoxeeImport invoke
INFO: BTV Series "Perfect Couples" will transfer 0 episodes.
Jun 29, 2011 7:14:10 AM org.atgas.sync.media.beyondtv.commands.BoxeeImport invoke
INFO: BTV Series "Private Practice" is fully transfered
Jun 29, 2011 7:14:11 AM org.atgas.sync.media.beyondtv.commands.BoxeeImport invoke
INFO: BTV Series "Private Practice" will transfer 0 episodes.
Jun 29, 2011 7:14:12 AM org.atgas.sync.media.beyondtv.commands.BoxeeImport invoke
INFO: BTV Series "Raising Hope" is fully transfered
Jun 29, 2011 7:14:12 AM org.atgas.sync.media.beyondtv.commands.BoxeeImport invoke
INFO: BTV Series "Raising Hope" will transfer 0 episodes.
Jun 29, 2011 7:14:13 AM org.atgas.sync.media.beyondtv.commands.BoxeeImport invoke
INFO: BTV Series "Running Wilde" is fully transfered
Jun 29, 2011 7:14:13 AM org.atgas.sync.media.beyondtv.commands.BoxeeImport invoke
INFO: BTV Series "Running Wilde" will transfer 0 episodes.
Jun 29, 2011 7:14:15 AM org.atgas.sync.media.beyondtv.commands.BoxeeImport invoke
INFO: BTV Series "Samantha Who?" is fully transfered
Jun 29, 2011 7:14:15 AM org.atgas.sync.media.beyondtv.commands.BoxeeImport invoke
INFO: BTV Series "Samantha Who?" will transfer 0 episodes.
Jun 29, 2011 7:14:17 AM org.atgas.sync.media.beyondtv.commands.BoxeeImport invoke
INFO: Beginning transfer of episodes from BTV Series "Saturday Night Live"
Jun 29, 2011 7:14:21 AM org.atgas.sync.media.beyondtv.commands.BoxeeImport invoke
INFO: BTV Series "Saturday Night Live" will transfer 14 episodes.
Jun 29, 2011 7:14:22 AM org.atgas.sync.media.beyondtv.commands.BoxeeImport storeBoxeeEpisodes
FINE: Storing "smb:\\belegost\video\Recorded\BeyondTV\Saturday Night Live-2011-03-05-0.mp4" in dataabse
Jun 29, 2011 7:14:23 AM org.atgas.sync.media.beyondtv.commands.BoxeeImport storeBoxeeEpisodes
FINE: Storing "smb:\\belegost\video\Recorded\BeyondTV\Saturday Night Live-2011-05-28-0.mp4" in dataabse
Jun 29, 2011 7:14:23 AM org.atgas.sync.media.beyondtv.commands.BoxeeImport storeBoxeeEpisodes
FINE: Storing "smb:\\belegost\video\Recorded\BeyondTV\Saturday Night Live-2011-04-02-0.mp4" in dataabse
Jun 29, 2011 7:14:23 AM org.atgas.sync.media.beyondtv.commands.BoxeeImport storeBoxeeEpisodes
FINE: Storing "smb:\\belegost\video\Recorded\BeyondTV\Saturday Night Live-2010-12-18-0.mp4" in dataabse
Jun 29, 2011 7:14:24 AM org.atgas.sync.media.beyondtv.commands.BoxeeImport storeBoxeeEpisodes
FINE: Storing "smb:\\belegost\video\Recorded\BeyondTV\Saturday Night Live-2010-12-04-0.mp4" in dataabse
Jun 29, 2011 7:14:24 AM org.atgas.sync.media.beyondtv.commands.BoxeeImport storeBoxeeEpisodes
FINE: Storing "smb:\\belegost\video\Recorded\BeyondTV\Saturday Night Live-2010-10-16-0.mp4" in dataabse
Jun 29, 2011 7:14:25 AM org.atgas.sync.media.beyondtv.commands.BoxeeImport storeBoxeeEpisodes
FINE: Storing "smb:\\belegost\video\Recorded\BeyondTV\Saturday Night Live-2011-02-12-0.mp4" in dataabse
Jun 29, 2011 7:14:25 AM org.atgas.sync.media.beyondtv.commands.BoxeeImport storeBoxeeEpisodes
FINE: Storing "smb:\\belegost\video\Recorded\BeyondTV\Saturday Night Live-2011-05-07-0.mp4" in dataabse
Jun 29, 2011 7:14:25 AM org.atgas.sync.media.beyondtv.commands.BoxeeImport storeBoxeeEpisodes
FINE: Storing "smb:\\belegost\video\Recorded\BeyondTV\Saturday Night Live-2011-05-14-0.mp4" in dataabse
Jun 29, 2011 7:14:26 AM org.atgas.sync.media.beyondtv.commands.BoxeeImport storeBoxeeEpisodes
FINE: Storing "smb:\\belegost\video\Recorded\BeyondTV\Saturday Night Live-2011-01-08-0.mp4" in dataabse
Jun 29, 2011 7:14:26 AM org.atgas.sync.media.beyondtv.commands.BoxeeImport storeBoxeeEpisodes
FINE: Storing "smb:\\belegost\video\Recorded\BeyondTV\Saturday Night Live-2010-11-20-0.mp4" in dataabse
Jun 29, 2011 7:14:26 AM org.atgas.sync.media.beyondtv.commands.BoxeeImport storeBoxeeEpisodes
FINE: Storing "smb:\\belegost\video\Recorded\BeyondTV\Saturday Night Live-2010-10-02-0.mp4" in dataabse
Jun 29, 2011 7:14:27 AM org.atgas.sync.media.beyondtv.commands.BoxeeImport storeBoxeeEpisodes
FINE: Storing "smb:\\belegost\video\Recorded\BeyondTV\Saturday Night Live-2010-12-11-0.mp4" in dataabse
Jun 29, 2011 7:14:27 AM org.atgas.sync.media.beyondtv.commands.BoxeeImport storeBoxeeEpisodes
FINE: Storing "smb:\\belegost\video\Recorded\BeyondTV\Saturday Night Live-2011-02-05-0.mp4" in dataabse
Jun 29, 2011 7:14:31 AM org.atgas.sync.media.beyondtv.commands.BoxeeImport invoke
INFO: BTV Series "Scrubs" is fully transfered
Jun 29, 2011 7:14:31 AM org.atgas.sync.media.beyondtv.commands.BoxeeImport invoke
INFO: BTV Series "Scrubs" will transfer 0 episodes.
Jun 29, 2011 7:14:33 AM org.atgas.sync.media.beyondtv.commands.BoxeeImport invoke
INFO: BTV Series "Smallville" is fully transfered
Jun 29, 2011 7:14:33 AM org.atgas.sync.media.beyondtv.commands.BoxeeImport invoke
INFO: BTV Series "Smallville" will transfer 0 episodes.
Jun 29, 2011 7:14:37 AM org.atgas.sync.media.beyondtv.commands.BoxeeImport invoke
INFO: BTV Series "South Park" is fully transfered
Jun 29, 2011 7:14:39 AM org.atgas.sync.media.beyondtv.commands.BoxeeImport invoke
INFO: BTV Series "South Park" will transfer 0 episodes.
Jun 29, 2011 7:14:40 AM org.atgas.sync.media.beyondtv.commands.BoxeeImport invoke
INFO: BTV Series "Terminator: The Sarah Connor Chronicles" is fully transfered
Jun 29, 2011 7:14:41 AM org.atgas.sync.media.beyondtv.commands.BoxeeImport invoke
INFO: BTV Series "Terminator: The Sarah Connor Chronicles" will transfer 0 episodes.
Jun 29, 2011 7:14:44 AM org.atgas.sync.media.beyondtv.commands.BoxeeImport invoke
INFO: BTV Series "That '70s Show" is fully transfered
Jun 29, 2011 7:14:46 AM org.atgas.sync.media.beyondtv.commands.BoxeeImport invoke
INFO: BTV Series "That '70s Show" will transfer 0 episodes.
Jun 29, 2011 7:14:48 AM org.atgas.sync.media.beyondtv.commands.BoxeeImport invoke
INFO: BTV Series "The Big Bang Theory" is fully transfered
Jun 29, 2011 7:14:52 AM org.atgas.sync.media.beyondtv.commands.BoxeeImport invoke
INFO: BTV Series "The Big Bang Theory" will transfer 0 episodes.
Jun 29, 2011 7:14:53 AM org.atgas.sync.media.beyondtv.commands.BoxeeImport invoke
INFO: BTV Series "The Cape" is fully transfered
Jun 29, 2011 7:14:54 AM org.atgas.sync.media.beyondtv.commands.BoxeeImport invoke
INFO: BTV Series "The Cape" will transfer 0 episodes.
Jun 29, 2011 7:14:56 AM org.atgas.sync.media.beyondtv.commands.BoxeeImport invoke
INFO: BTV Series "The Cleveland Show" is fully transfered
Jun 29, 2011 7:14:58 AM org.atgas.sync.media.beyondtv.commands.BoxeeImport invoke
INFO: BTV Series "The Cleveland Show" will transfer 0 episodes.
Jun 29, 2011 7:14:59 AM org.atgas.sync.media.beyondtv.commands.BoxeeImport invoke
INFO: BTV Series "The Closer" is fully transfered
Jun 29, 2011 7:15:00 AM org.atgas.sync.media.beyondtv.commands.BoxeeImport invoke
INFO: BTV Series "The Closer" will transfer 0 episodes.
Jun 29, 2011 7:15:02 AM org.atgas.sync.media.beyondtv.commands.BoxeeImport invoke
INFO: BTV Series "The Defenders" is fully transfered
Jun 29, 2011 7:15:07 AM org.atgas.sync.media.beyondtv.commands.BoxeeImport invoke
INFO: BTV Series "The Defenders" will transfer 0 episodes.
Jun 29, 2011 7:15:08 AM org.atgas.sync.media.beyondtv.commands.BoxeeImport invoke
INFO: BTV Series "The Event" is fully transfered
Jun 29, 2011 7:15:10 AM org.atgas.sync.media.beyondtv.commands.BoxeeImport invoke
INFO: BTV Series "The Event" will transfer 0 episodes.
Jun 29, 2011 7:15:11 AM org.atgas.sync.media.beyondtv.commands.BoxeeImport invoke
INFO: Beginning transfer of episodes from BTV Series "the forgotten"
Jun 29, 2011 7:15:15 AM org.atgas.sync.media.beyondtv.commands.BoxeeImport determineSeriesFromTVDB
WARNING: Could not match any episodes for the forgotten
Jun 29, 2011 7:15:17 AM org.atgas.sync.media.beyondtv.commands.BoxeeImport invoke
INFO: BTV Series "The Good Guys" is fully transfered
Jun 29, 2011 7:15:20 AM org.atgas.sync.media.beyondtv.commands.BoxeeImport invoke
INFO: BTV Series "The Good Guys" will transfer 0 episodes.
Jun 29, 2011 7:15:22 AM org.atgas.sync.media.beyondtv.commands.BoxeeImport invoke
INFO: BTV Series "The Good Wife" is fully transfered
Jun 29, 2011 7:15:25 AM org.atgas.sync.media.beyondtv.commands.BoxeeImport invoke
INFO: BTV Series "The Good Wife" will transfer 0 episodes.
Jun 29, 2011 7:15:28 AM org.atgas.sync.media.beyondtv.commands.BoxeeImport invoke
INFO: BTV Series "The Mentalist" is fully transfered
Jun 29, 2011 7:15:30 AM org.atgas.sync.media.beyondtv.commands.BoxeeImport invoke
INFO: BTV Series "The Mentalist" will transfer 0 episodes.
Jun 29, 2011 7:15:32 AM org.atgas.sync.media.beyondtv.commands.BoxeeImport invoke
INFO: BTV Series "The Middle" is fully transfered
Jun 29, 2011 7:15:33 AM org.atgas.sync.media.beyondtv.commands.BoxeeImport invoke
INFO: BTV Series "The Middle" will transfer 0 episodes.
Jun 29, 2011 7:15:47 AM org.atgas.sync.media.beyondtv.commands.BoxeeImport invoke
INFO: Beginning transfer of episodes from BTV Series "The Simpsons"
Jun 29, 2011 7:15:48 AM org.atgas.sync.media.beyondtv.commands.BoxeeImport invoke
INFO: BTV Series "The Simpsons" will transfer 2 episodes.
Jun 29, 2011 7:15:49 AM org.atgas.sync.media.beyondtv.commands.BoxeeImport determineEpisodeFromTVDBWithKnownSeries
WARNING: Unable to match beyondTV episode to TVDB episode: EP0186930036	Treehouse of Horror I
Jun 29, 2011 7:15:49 AM org.atgas.sync.media.beyondtv.commands.BoxeeImport determineEpisodeFromTVDBWithKnownSeries
WARNING: Unable to match beyondTV episode to TVDB episode: EP0186930144	Who Shot Mr. Burns?
Jun 29, 2011 7:15:50 AM org.atgas.sync.media.beyondtv.commands.BoxeeImport invoke
INFO: BTV Series "The Unusuals" is fully transfered
Jun 29, 2011 7:15:51 AM org.atgas.sync.media.beyondtv.commands.BoxeeImport invoke
INFO: BTV Series "The Unusuals" will transfer 0 episodes.
Jun 29, 2011 7:15:52 AM org.atgas.sync.media.beyondtv.commands.BoxeeImport invoke
INFO: BTV Series "The Whole Truth" is fully transfered
Jun 29, 2011 7:15:53 AM org.atgas.sync.media.beyondtv.commands.BoxeeImport invoke
INFO: BTV Series "The Whole Truth" will transfer 0 episodes.
Jun 29, 2011 7:15:54 AM org.atgas.sync.media.beyondtv.commands.BoxeeImport invoke
INFO: BTV Series "Three Rivers" is fully transfered
Jun 29, 2011 7:15:55 AM org.atgas.sync.media.beyondtv.commands.BoxeeImport invoke
INFO: BTV Series "Three Rivers" will transfer 0 episodes.
Jun 29, 2011 7:15:56 AM org.atgas.sync.media.beyondtv.commands.BoxeeImport invoke
INFO: BTV Series "Trauma" is fully transfered
Jun 29, 2011 7:15:57 AM org.atgas.sync.media.beyondtv.commands.BoxeeImport invoke
INFO: BTV Series "Trauma" will transfer 0 episodes.
Jun 29, 2011 7:15:58 AM org.atgas.sync.media.beyondtv.commands.BoxeeImport invoke
INFO: BTV Series "Undercover Boss" is fully transfered
Jun 29, 2011 7:15:58 AM org.atgas.sync.media.beyondtv.commands.BoxeeImport invoke
INFO: BTV Series "Undercover Boss" will transfer 0 episodes.
Jun 29, 2011 7:15:59 AM org.atgas.sync.media.beyondtv.commands.BoxeeImport invoke
INFO: Beginning transfer of episodes from BTV Series "Unknown"
Jun 29, 2011 7:16:01 AM org.atgas.sync.media.beyondtv.drivers.SeriesDriver execute
WARNING: Unable to execute org.atgas.sync.media.beyondtv.commands.BoxeeImport@6f2652e2 on org.atgas.sync.media.beyondtv.webservices.types.PVSPropertyBag@3d0bac70: java.lang.NullPointerException
Jun 29, 2011 7:16:05 AM org.atgas.sync.media.beyondtv.commands.BoxeeImport invoke
INFO: BTV Series "Without a Trace" is fully transfered
Jun 29, 2011 7:16:06 AM org.atgas.sync.media.beyondtv.commands.BoxeeImport invoke
INFO: BTV Series "Without a Trace" will transfer 0 episodes.
